app/build/intermediates/manifest_merge_blame_file/debug/processDebugMainManifest/manifest-merger-blame-debug-report.txt
1<?xml version="1.0" encoding="utf-8"?>
2<!--
3/*
4 * Copyright 2013 Gerhard Klostermeier
5 *
6 * This program is free software: you can redistribute it and/or modify
7 * it under the terms of the GNU General Public License as published by
8 * the Free Software Foundation, either version 3 of the License, or
9 * (at your option) any later version.
10 *
11 * This program is distributed in the hope that it will be useful,
12 * but WITHOUT ANY WARRANTY; without even the implied warranty of
13 * MERCHANTABILITY or FITNESS FOR A PARTICULAR PURPOSE.  See the
14 * GNU General Public License for more details.
15 *
16 * You should have received a copy of the GNU General Public License
17 * along with this program.  If not, see <http://www.gnu.org/licenses/>.
18 */
19-->
20<manifest xmlns:android="http://schemas.android.com/apk/res/android"
21    package="de.syss.MifareClassicTool"
22    android:versionCode="1"
23    android:versionName="1.0" >
24
25    <uses-sdk
26        android:minSdkVersion="21"
27        android:targetSdkVersion="35" />
28
29    <uses-permission android:name="android.permission.NFC" />
29-->src\main\AndroidManifest.xml:24:5-62
29-->src\main\AndroidManifest.xml:24:22-59
30
31    <uses-feature
31-->src\main\AndroidManifest.xml:26:5-28:35
32        android:name="android.hardware.nfc"
32-->src\main\AndroidManifest.xml:27:9-44
33        android:required="true" />
33-->src\main\AndroidManifest.xml:28:9-32
34
35    <permission
35-->[androidx.core:core:1.16.0] AndroidManifest.xml:22:5-24:47
36        android:name="de.syss.MifareClassicTool.DYNAMIC_RECEIVER_NOT_EXPORTED_PERMISSION"
36-->[androidx.core:core:1.16.0] AndroidManifest.xml:23:9-81
37        android:protectionLevel="signature" />
37-->[androidx.core:core:1.16.0] AndroidManifest.xml:24:9-44
38
39    <uses-permission android:name="de.syss.MifareClassicTool.DYNAMIC_RECEIVER_NOT_EXPORTED_PERMISSION" />
39-->[androidx.core:core:1.16.0] AndroidManifest.xml:26:5-97
39-->[androidx.core:core:1.16.0] AndroidManifest.xml:26:22-94
40
41    <application
41-->src\main\AndroidManifest.xml:30:5-211:19
42        android:name="de.syss.MifareClassicTool.Common"
42-->src\main\AndroidManifest.xml:31:9-31
43        android:allowBackup="false"
43-->src\main\AndroidManifest.xml:32:9-36
44        android:appComponentFactory="androidx.core.app.CoreComponentFactory"
44-->[androidx.core:core:1.16.0] AndroidManifest.xml:28:18-86
45        android:debuggable="true"
46        android:extractNativeLibs="true"
47        android:icon="@mipmap/ic_launcher"
47-->src\main\AndroidManifest.xml:34:9-43
48        android:label="@string/app_name"
48-->src\main\AndroidManifest.xml:35:9-41
49        android:requestLegacyExternalStorage="true"
49-->src\main\AndroidManifest.xml:33:9-52
50        android:theme="@style/AppTheme" >
50-->src\main\AndroidManifest.xml:36:9-40
51
52        <!-- Main Activity -->
53        <activity
53-->src\main\AndroidManifest.xml:38:9-49:20
54            android:name="de.syss.MifareClassicTool.Activities.MainMenu"
54-->src\main\AndroidManifest.xml:39:13-48
55            android:configChanges="orientation|screenSize"
55-->src\main\AndroidManifest.xml:40:13-59
56            android:exported="true"
56-->src\main\AndroidManifest.xml:42:13-36
57            android:label="@string/title_activity_main"
57-->src\main\AndroidManifest.xml:41:13-56
58            android:launchMode="singleTop" >
58-->src\main\AndroidManifest.xml:43:13-43
59            <intent-filter>
59-->src\main\AndroidManifest.xml:44:13-48:29
60                <action android:name="android.intent.action.MAIN" />
60-->src\main\AndroidManifest.xml:45:17-69
60-->src\main\AndroidManifest.xml:45:25-66
61
62                <category android:name="android.intent.category.LAUNCHER" />
62-->src\main\AndroidManifest.xml:47:17-77
62-->src\main\AndroidManifest.xml:47:27-74
63            </intent-filter>
64        </activity>
65
66        <activity-alias
66-->src\main\AndroidManifest.xml:51:9-64:26
67            android:name="de.syss.MifareClassicTool.MainMenuAlias"
67-->src\main\AndroidManifest.xml:53:13-42
68            android:exported="true"
68-->src\main\AndroidManifest.xml:55:13-36
69            android:label="@string/title_activity_main"
69-->src\main\AndroidManifest.xml:54:13-56
70            android:launchMode="singleTop"
70-->src\main\AndroidManifest.xml:56:13-43
71            android:targetActivity="de.syss.MifareClassicTool.Activities.MainMenu" >
71-->src\main\AndroidManifest.xml:52:13-58
72
73            <!-- NFC Tech Filter -->
74            <intent-filter>
74-->src\main\AndroidManifest.xml:58:13-60:29
75                <action android:name="android.nfc.action.TECH_DISCOVERED" />
75-->src\main\AndroidManifest.xml:59:17-77
75-->src\main\AndroidManifest.xml:59:25-74
76            </intent-filter>
77
78            <meta-data
78-->src\main\AndroidManifest.xml:61:13-63:59
79                android:name="android.nfc.action.TECH_DISCOVERED"
79-->src\main\AndroidManifest.xml:62:17-66
80                android:resource="@xml/nfc_tech_filter" />
80-->src\main\AndroidManifest.xml:63:17-56
81        </activity-alias>
82
83        <!-- Content Providers -->
84        <provider
85            android:name="androidx.core.content.FileProvider"
85-->src\main\AndroidManifest.xml:68:13-62
86            android:authorities="de.syss.MifareClassicTool.fileprovider"
86-->src\main\AndroidManifest.xml:71:13-64
87            android:exported="false"
87-->src\main\AndroidManifest.xml:70:13-37
88            android:grantUriPermissions="true" >
88-->src\main\AndroidManifest.xml:69:13-47
89            <meta-data
89-->src\main\AndroidManifest.xml:73:13-75:62
90                android:name="android.support.FILE_PROVIDER_PATHS"
90-->src\main\AndroidManifest.xml:74:17-67
91                android:resource="@xml/file_provider_paths" />
91-->src\main\AndroidManifest.xml:75:17-60
92        </provider>
93
94        <!-- Delegate the user's locale preference pre Android T -->
95        <service
95-->src\main\AndroidManifest.xml:80:9-87:19
96            android:name="androidx.appcompat.app.AppLocalesMetadataHolderService"
96-->src\main\AndroidManifest.xml:81:13-82
97            android:enabled="false"
97-->src\main\AndroidManifest.xml:82:13-36
98            android:exported="false" >
98-->src\main\AndroidManifest.xml:83:13-37
99            <meta-data
99-->src\main\AndroidManifest.xml:84:13-86:40
100                android:name="autoStoreLocales"
100-->src\main\AndroidManifest.xml:85:17-48
101                android:value="true" />
101-->src\main\AndroidManifest.xml:86:17-37
102        </service>
103
104        <!-- Other Activities -->
105        <activity
105-->src\main\AndroidManifest.xml:90:9-95:20
106            android:name="de.syss.MifareClassicTool.Activities.KeyMapCreator"
106-->src\main\AndroidManifest.xml:91:13-53
107            android:configChanges="keyboardHidden|orientation|screenSize"
107-->src\main\AndroidManifest.xml:92:13-74
108            android:icon="@drawable/map_keys_to_sector"
108-->src\main\AndroidManifest.xml:93:13-56
109            android:label="@string/title_activity_create_key_map" >
109-->src\main\AndroidManifest.xml:94:13-66
110        </activity>
111        <activity
111-->src\main\AndroidManifest.xml:96:9-101:20
112            android:name="de.syss.MifareClassicTool.Activities.DumpEditor"
112-->src\main\AndroidManifest.xml:97:13-50
113            android:configChanges="keyboardHidden|orientation|screenSize"
113-->src\main\AndroidManifest.xml:98:13-74
114            android:icon="@drawable/edit_dump"
114-->src\main\AndroidManifest.xml:99:13-47
115            android:label="@string/title_activity_dump_editor" >
115-->src\main\AndroidManifest.xml:100:13-63
116        </activity>
117        <activity
117-->src\main\AndroidManifest.xml:102:9-107:20
118            android:name="de.syss.MifareClassicTool.Activities.FileChooser"
118-->src\main\AndroidManifest.xml:103:13-51
119            android:icon="@drawable/open"
119-->src\main\AndroidManifest.xml:104:13-42
120            android:label="@string/title_activity_file_chooser"
120-->src\main\AndroidManifest.xml:105:13-64
121            android:windowSoftInputMode="stateAlwaysHidden" >
121-->src\main\AndroidManifest.xml:106:13-60
122        </activity>
123        <activity
123-->src\main\AndroidManifest.xml:108:9-113:20
124            android:name="de.syss.MifareClassicTool.Activities.AccessConditionDecoder"
124-->src\main\AndroidManifest.xml:109:13-62
125            android:configChanges="orientation|screenSize"
125-->src\main\AndroidManifest.xml:110:13-59
126            android:icon="@drawable/access_conditions"
126-->src\main\AndroidManifest.xml:111:13-55
127            android:label="@string/title_activity_access_conditions" >
127-->src\main\AndroidManifest.xml:112:13-69
128        </activity>
129        <activity
129-->src\main\AndroidManifest.xml:114:9-119:20
130            android:name="de.syss.MifareClassicTool.Activities.ValueBlocksToInt"
130-->src\main\AndroidManifest.xml:115:13-56
131            android:configChanges="orientation|screenSize"
131-->src\main\AndroidManifest.xml:116:13-59
132            android:icon="@drawable/value_block_to_int"
132-->src\main\AndroidManifest.xml:117:13-56
133            android:label="@string/title_activity_value_blocks" >
133-->src\main\AndroidManifest.xml:118:13-64
134        </activity>
135        <activity
135-->src\main\AndroidManifest.xml:120:9-125:20
136            android:name="de.syss.MifareClassicTool.Activities.WriteTag"
136-->src\main\AndroidManifest.xml:121:13-48
137            android:configChanges="keyboardHidden|orientation|screenSize"
137-->src\main\AndroidManifest.xml:122:13-74
138            android:icon="@drawable/write_tag"
138-->src\main\AndroidManifest.xml:123:13-47
139            android:label="@string/title_activity_write_tag" >
139-->src\main\AndroidManifest.xml:124:13-61
140        </activity>
141        <activity
141-->src\main\AndroidManifest.xml:126:9-131:20
142            android:name="de.syss.MifareClassicTool.Activities.ReadTag"
142-->src\main\AndroidManifest.xml:127:13-47
143            android:configChanges="keyboardHidden|orientation|screenSize"
143-->src\main\AndroidManifest.xml:128:13-74
144            android:icon="@drawable/read_tag"
144-->src\main\AndroidManifest.xml:129:13-46
145            android:label="@string/title_activity_read_tag" >
145-->src\main\AndroidManifest.xml:130:13-60
146        </activity>
147        <activity
147-->src\main\AndroidManifest.xml:132:9-137:20
148            android:name="de.syss.MifareClassicTool.Activities.KeyEditor"
148-->src\main\AndroidManifest.xml:133:13-49
149            android:configChanges="keyboardHidden|orientation|screenSize"
149-->src\main\AndroidManifest.xml:134:13-74
150            android:icon="@drawable/edit_keys"
150-->src\main\AndroidManifest.xml:135:13-47
151            android:label="@string/title_activity_key_editor" >
151-->src\main\AndroidManifest.xml:136:13-62
152        </activity>
153        <activity
153-->src\main\AndroidManifest.xml:138:9-143:20
154            android:name="de.syss.MifareClassicTool.Activities.HelpAndInfo"
154-->src\main\AndroidManifest.xml:139:13-51
155            android:configChanges="orientation|screenSize"
155-->src\main\AndroidManifest.xml:140:13-59
156            android:icon="@drawable/help_and_info"
156-->src\main\AndroidManifest.xml:141:13-51
157            android:label="@string/title_activity_help" >
157-->src\main\AndroidManifest.xml:142:13-56
158        </activity>
159        <activity
159-->src\main\AndroidManifest.xml:144:9-149:20
160            android:name="de.syss.MifareClassicTool.Activities.HexToAscii"
160-->src\main\AndroidManifest.xml:145:13-50
161            android:configChanges="orientation|screenSize"
161-->src\main\AndroidManifest.xml:146:13-59
162            android:icon="@drawable/hex_to_ascii"
162-->src\main\AndroidManifest.xml:147:13-50
163            android:label="@string/title_activity_hex_to_ascii" >
163-->src\main\AndroidManifest.xml:148:13-64
164        </activity>
165        <activity
165-->src\main\AndroidManifest.xml:150:9-155:20
166            android:name="de.syss.MifareClassicTool.Activities.TagInfoTool"
166-->src\main\AndroidManifest.xml:151:13-51
167            android:configChanges="orientation|screenSize"
167-->src\main\AndroidManifest.xml:152:13-59
168            android:icon="@drawable/tag_info"
168-->src\main\AndroidManifest.xml:153:13-46
169            android:label="@string/title_activity_tag_info" >
169-->src\main\AndroidManifest.xml:154:13-60
170        </activity>
171        <activity
171-->src\main\AndroidManifest.xml:156:9-161:20
172            android:name="de.syss.MifareClassicTool.Activities.ValueBlockTool"
172-->src\main\AndroidManifest.xml:157:13-54
173            android:configChanges="orientation|screenSize"
173-->src\main\AndroidManifest.xml:158:13-59
174            android:icon="@drawable/value_block_tool"
174-->src\main\AndroidManifest.xml:159:13-54
175            android:label="@string/title_activity_value_block_tool" >
175-->src\main\AndroidManifest.xml:160:13-68
176        </activity>
177        <activity
177-->src\main\AndroidManifest.xml:162:9-167:20
178            android:name="de.syss.MifareClassicTool.Activities.AccessConditionTool"
178-->src\main\AndroidManifest.xml:163:13-59
179            android:configChanges="orientation|screenSize"
179-->src\main\AndroidManifest.xml:164:13-59
180            android:icon="@drawable/access_condition_tool"
180-->src\main\AndroidManifest.xml:165:13-59
181            android:label="@string/title_activity_access_condition_tool" >
181-->src\main\AndroidManifest.xml:166:13-73
182        </activity>
183        <activity
183-->src\main\AndroidManifest.xml:168:9-173:20
184            android:name="de.syss.MifareClassicTool.Activities.Preferences"
184-->src\main\AndroidManifest.xml:169:13-51
185            android:configChanges="orientation|screenSize"
185-->src\main\AndroidManifest.xml:170:13-59
186            android:icon="@drawable/preferences"
186-->src\main\AndroidManifest.xml:171:13-49
187            android:label="@string/title_activity_preferences" >
187-->src\main\AndroidManifest.xml:172:13-63
188        </activity>
189        <activity
189-->src\main\AndroidManifest.xml:174:9-179:20
190            android:name="de.syss.MifareClassicTool.Activities.DiffTool"
190-->src\main\AndroidManifest.xml:175:13-48
191            android:configChanges="orientation|screenSize"
191-->src\main\AndroidManifest.xml:176:13-59
192            android:icon="@drawable/diff_tool"
192-->src\main\AndroidManifest.xml:177:13-47
193            android:label="@string/title_activity_diff_tool" >
193-->src\main\AndroidManifest.xml:178:13-61
194        </activity>
195        <activity
195-->src\main\AndroidManifest.xml:180:9-185:20
196            android:name="de.syss.MifareClassicTool.Activities.BccTool"
196-->src\main\AndroidManifest.xml:181:13-47
197            android:configChanges="orientation|screenSize"
197-->src\main\AndroidManifest.xml:182:13-59
198            android:icon="@drawable/bcc_tool"
198-->src\main\AndroidManifest.xml:183:13-46
199            android:label="@string/title_activity_bcc_tool" >
199-->src\main\AndroidManifest.xml:184:13-60
200        </activity>
201        <activity
201-->src\main\AndroidManifest.xml:186:9-191:20
202            android:name="de.syss.MifareClassicTool.Activities.CloneUidTool"
202-->src\main\AndroidManifest.xml:187:13-52
203            android:configChanges="orientation|screenSize"
203-->src\main\AndroidManifest.xml:188:13-59
204            android:icon="@drawable/clone_uid"
204-->src\main\AndroidManifest.xml:189:13-47
205            android:label="@string/title_activity_clone_uid" >
205-->src\main\AndroidManifest.xml:190:13-61
206        </activity>
207        <activity
207-->src\main\AndroidManifest.xml:192:9-197:20
208            android:name="de.syss.MifareClassicTool.Activities.ImportExportTool"
208-->src\main\AndroidManifest.xml:193:13-56
209            android:configChanges="orientation|screenSize"
209-->src\main\AndroidManifest.xml:194:13-59
210            android:icon="@drawable/value_block_tool"
210-->src\main\AndroidManifest.xml:195:13-54
211            android:label="@string/title_activity_import_export_tool" >
211-->src\main\AndroidManifest.xml:196:13-70
212        </activity>
213        <activity
213-->src\main\AndroidManifest.xml:198:9-203:20
214            android:name="de.syss.MifareClassicTool.Activities.UidLogTool"
214-->src\main\AndroidManifest.xml:199:13-50
215            android:configChanges="orientation|screenSize"
215-->src\main\AndroidManifest.xml:200:13-59
216            android:icon="@drawable/edit_dump"
216-->src\main\AndroidManifest.xml:201:13-47
217            android:label="@string/title_activity_uid_log_tool" >
217-->src\main\AndroidManifest.xml:202:13-64
218        </activity>
219        <activity
219-->src\main\AndroidManifest.xml:204:9-209:20
220            android:name="de.syss.MifareClassicTool.Activities.DataConversionTool"
220-->src\main\AndroidManifest.xml:205:13-58
221            android:configChanges="orientation|screenSize"
221-->src\main\AndroidManifest.xml:206:13-59
222            android:icon="@drawable/hex_to_ascii"
222-->src\main\AndroidManifest.xml:207:13-50
223            android:label="@string/title_activity_data_conversion_tool" >
223-->src\main\AndroidManifest.xml:208:13-72
224        </activity>
225
226        <uses-library
226-->[androidx.window:window:1.0.0] AndroidManifest.xml:25:9-27:40
227            android:name="androidx.window.extensions"
227-->[androidx.window:window:1.0.0] AndroidManifest.xml:26:13-54
228            android:required="false" />
228-->[androidx.window:window:1.0.0] AndroidManifest.xml:27:13-37
229        <uses-library
229-->[androidx.window:window:1.0.0] AndroidManifest.xml:28:9-30:40
230            android:name="androidx.window.sidecar"
230-->[androidx.window:window:1.0.0] AndroidManifest.xml:29:13-51
231            android:required="false" />
231-->[androidx.window:window:1.0.0] AndroidManifest.xml:30:13-37
232
233        <provider
233-->[androidx.emoji2:emoji2:1.3.0] AndroidManifest.xml:24:9-32:20
234            android:name="androidx.startup.InitializationProvider"
234-->[androidx.emoji2:emoji2:1.3.0] AndroidManifest.xml:25:13-67
235            android:authorities="de.syss.MifareClassicTool.androidx-startup"
235-->[androidx.emoji2:emoji2:1.3.0] AndroidManifest.xml:26:13-68
236            android:exported="false" >
236-->[androidx.emoji2:emoji2:1.3.0] AndroidManifest.xml:27:13-37
237            <meta-data
237-->[androidx.emoji2:emoji2:1.3.0] AndroidManifest.xml:29:13-31:52
238                android:name="androidx.emoji2.text.EmojiCompatInitializer"
238-->[androidx.emoji2:emoji2:1.3.0] AndroidManifest.xml:30:17-75
239                android:value="androidx.startup" />
239-->[androidx.emoji2:emoji2:1.3.0] AndroidManifest.xml:31:17-49
240            <meta-data
240-->[androidx.lifecycle:lifecycle-process:2.6.2] AndroidManifest.xml:29:13-31:52
241                android:name="androidx.lifecycle.ProcessLifecycleInitializer"
241-->[androidx.lifecycle:lifecycle-process:2.6.2] AndroidManifest.xml:30:17-78
242                android:value="androidx.startup" />
242-->[androidx.lifecycle:lifecycle-process:2.6.2] AndroidManifest.xml:31:17-49
243            <meta-data
243-->[androidx.profileinstaller:profileinstaller:1.3.1] AndroidManifest.xml:29:13-31:52
244                android:name="androidx.profileinstaller.ProfileInstallerInitializer"
244-->[androidx.profileinstaller:profileinstaller:1.3.1] AndroidManifest.xml:30:17-85
245                android:value="androidx.startup" />
245-->[androidx.profileinstaller:profileinstaller:1.3.1] AndroidManifest.xml:31:17-49
246        </provider>
247
248        <receiver
248-->[androidx.profileinstaller:profileinstaller:1.3.1] AndroidManifest.xml:34:9-52:20
249            android:name="androidx.profileinstaller.ProfileInstallReceiver"
249-->[androidx.profileinstaller:profileinstaller:1.3.1] AndroidManifest.xml:35:13-76
250            android:directBootAware="false"
250-->[androidx.profileinstaller:profileinstaller:1.3.1] AndroidManifest.xml:36:13-44
251            android:enabled="true"
251-->[androidx.profileinstaller:profileinstaller:1.3.1] AndroidManifest.xml:37:13-35
252            android:exported="true"
252-->[androidx.profileinstaller:profileinstaller:1.3.1] AndroidManifest.xml:38:13-36
253            android:permission="android.permission.DUMP" >
253-->[androidx.profileinstaller:profileinstaller:1.3.1] AndroidManifest.xml:39:13-57
254            <intent-filter>
254-->[androidx.profileinstaller:profileinstaller:1.3.1] AndroidManifest.xml:40:13-42:29
255                <action android:name="androidx.profileinstaller.action.INSTALL_PROFILE" />
255-->[androidx.profileinstaller:profileinstaller:1.3.1] AndroidManifest.xml:41:17-91
255-->[androidx.profileinstaller:profileinstaller:1.3.1] AndroidManifest.xml:41:25-88
256            </intent-filter>
257            <intent-filter>
257-->[androidx.profileinstaller:profileinstaller:1.3.1] AndroidManifest.xml:43:13-45:29
258                <action android:name="androidx.profileinstaller.action.SKIP_FILE" />
258-->[androidx.profileinstaller:profileinstaller:1.3.1] AndroidManifest.xml:44:17-85
258-->[androidx.profileinstaller:profileinstaller:1.3.1] AndroidManifest.xml:44:25-82
259            </intent-filter>
260            <intent-filter>
260-->[androidx.profileinstaller:profileinstaller:1.3.1] AndroidManifest.xml:46:13-48:29
261                <action android:name="androidx.profileinstaller.action.SAVE_PROFILE" />
261-->[androidx.profileinstaller:profileinstaller:1.3.1] AndroidManifest.xml:47:17-88
261-->[androidx.profileinstaller:profileinstaller:1.3.1] AndroidManifest.xml:47:25-85
262            </intent-filter>
263            <intent-filter>
263-->[androidx.profileinstaller:profileinstaller:1.3.1] AndroidManifest.xml:49:13-51:29
264                <action android:name="androidx.profileinstaller.action.BENCHMARK_OPERATION" />
264-->[androidx.profileinstaller:profileinstaller:1.3.1] AndroidManifest.xml:50:17-95
264-->[androidx.profileinstaller:profileinstaller:1.3.1] AndroidManifest.xml:50:25-92
265            </intent-filter>
266        </receiver>
267    </application>
268
269</manifest>